<?xml version="1.0" encoding="UTF-8"?>
<testng-results ignored="0" total="0" passed="0" failed="0" skipped="0">
  <reporter-output>
  </reporter-output>
  <suite started-at="2024-11-18T10:12:00 MEZ" name="org.example.CalculatorTest" finished-at="2024-11-18T10:12:00 MEZ" duration-ms="6">
    <groups>
    </groups>
    <test started-at="2024-11-18T10:12:00 MEZ" name="Command line test" finished-at="2024-11-18T10:12:00 MEZ" duration-ms="6">
    </test> <!-- Command line test -->
  </suite> <!-- org.example.CalculatorTest -->
</testng-results>
