<?xml version="1.0" encoding="UTF-8"?>
<testsuite xmlns:xsi="http://www.w3.org/2001/XMLSchema-instance" xsi:noNamespaceSchemaLocation="https://maven.apache.org/surefire/maven-surefire-plugin/xsd/surefire-test-report-3.0.xsd" version="3.0" name="org.example.CalculatorTest" time="0.134" tests="4" errors="0" skipped="0" failures="0">
  <properties>
[...]
</properties>
  <testcase name="testMultiplication" classname="org.example.CalculatorTest" time="0.06"/>
  <testcase name="testAddition" classname="org.example.CalculatorTest" time="0.004">
    <system-out><![CDATA[sgsdfgds
]]></system-out>
  </testcase>
  <testcase name="testDivision" classname="org.example.CalculatorTest" time="0.007"/>
  <testcase name="testSubtraction" classname="org.example.CalculatorTest" time="0.002"/>
</testsuite>